<?xml version="1.0" encoding="UTF-8"?>
<!-- Generated by org.testng.reporters.JUnitReportReporter -->
<testsuite hostname="ZSCHN01LP0345" failures="0" tests="3" name="testScripts.PlaceOrderTest" time="4.654" errors="0" timestamp="2024-02-06T15:00:01 IST" skipped="0">
  <testcase classname="testScripts.PlaceOrderTest" name="addToCartTest" time="1.676"/>
  <system-out/>
  <testcase classname="testScripts.PlaceOrderTest" name="checkoutTest" time="0.585"/>
  <system-out/>
  <testcase classname="testScripts.PlaceOrderTest" name="checkoutForm" time="2.393"/>
  <system-out/>
</testsuite> <!-- testScripts.PlaceOrderTest -->
